[Trimer] Waffles with plenty of real maple syrup
[Trimer] 
[Trimer] 
[Trimer] Belgian Waffles
[Trimer] 
[Trimer] 
[Trimer] Belgian Waffles
[Trimer] 
[Trimer] 
[Trimer] 
[Trimer] Belgian Waffles
[Trimer] 
[Trimer] 
[Trimer] 
[Trimer] 
[Trimer] 
[Trimer] $5.95
[Trimer]     
[Trimer] 650
[Trimer] 
[Trimer] Strawberry Belgian Waffles
[Trimer] $7.95
[Trimer]     
[Trimer] 900
[Trimer] 
[Trimer] Berry-Berry Belgian Waffles
[Trimer] $8.95
[Trimer]     
[Trimer] 900
[Trimer] 
[Trimer] French Toast
[Trimer] $4.50
[Trimer]     
[Trimer] 600
[Trimer] 
[Trimer] Homestyle Breakfast
[Trimer] $6.95
[Trimer]     
[Trimer] 950
[Trimer] 
